
28800744 B NA
28800758 S 8832.56
28800796 S NA
28800812 S 8832.56
28800974 B 8865.0
28800975 B NA
28812071 S NA
28813830 B 8845.0
28814087 B 8836.0
28815937 B 8845.0
28816245 B 8840.0
28816245 B 8840.0
28817570 B 8829.2
28822172 B 8830.0
28823984 S 8807.0
28823984 S NA
28835564 S 8757.0
28835565 S NA
28838797 B 8828.5
28841307 B 8828.5
28845097 B 8820.0
28845547 B 8820.0
28845606 B 8820.0
28854850 B 8820.0
28855165 S 8776.0
28855165 S NA
28860037 B 8820.0
28861264 B 8820.0
28861264 B 8820.0
28864794 B 8820.0
28864794 B 8820.0
28864870 B 8820.0
28865273 B 8820.0
28867484 B 8820.0
28867513 B 8820.0
28869845 S 8783.0
28873954 B 8820.0
28873954 B 8820.0
28874354 S NA
28874384 S 8770.0
28875094 B 8820.0
28875094 B 8820.0
28875613 B 8820.0
28876376 S NA
28876679 S 8770.0
28877234 B 8820.0
28882205 S 8770.0
28882205 S 8770.0
28887878 S NA
28888674 B 8820.0
28888703 B 8820.0
28890455 S 8746.0
28890455 S NA
28893420 B 8814.0
28893682 S 8759.0
28900102 B 8820.0
28900102 S 8808.0
28900174 S 8808.0
28900175 S 8808.0
28901422 S 8808.0
28902467 S 8776.0
28902514 B 8815.0
28902515 B 8815.0
28902534 S NA
28902571 S 8765.0
28903189 S 8778.0
28903190 B 8810.0
28903191 S 8765.0
28903191 B 8815.0
28903215 S 8778.0
28903217 B 8810.0
28903224 S 8778.0
28903224 S 8778.0
28903234 S 8778.0
28903281 S 8778.0
28903874 B 8815.0
28903903 B 8815.0
28904189 S 8771.0
28904189 B 8820.0
28904224 S NA
28904253 S 8765.0
28906024 S 8771.0
28906024 S 8771.0
28910721 B 8815.14
28910722 B 8820.0
28910723 B 8815.14
28910744 B 8810.14
28910744 B 8810.14
28910934 S 8771.0